   1               		.file	"sr165.c"
   2               	__SREG__ = 0x3f
   3               	__SP_H__ = 0x3e
   4               	__SP_L__ = 0x3d
   5               	__CCP__  = 0x34
   6               	__tmp_reg__ = 0
   7               	__zero_reg__ = 1
  15               	.Ltext0:
  16               		.section	.text.sr165_init,"ax",@progbits
  17               	.global	sr165_init
  19               	sr165_init:
  20               	.LFB4:
  21               	.LSM0:
  22               	/* prologue: function */
  23               	/* frame size = 0 */
  24               	.LSM1:
  25 0000 81B3      		in r24,49-32
  26 0002 806C      		ori r24,lo8(-64)
  27 0004 81BB      		out 49-32,r24
  28               	.LSM2:
  29 0006 8D98      		cbi 49-32,5
  30               	.LSM3:
  31 0008 9598      		cbi 50-32,5
  32               	.LSM4:
  33 000a 979A      		sbi 50-32,7
  34               	.LSM5:
  35 000c 969A      		sbi 50-32,6
  36               	/* epilogue start */
  37               	.LSM6:
  38 000e 0895      		ret
  39               	.LFE4:
  41               		.section	.text.sr165_read,"ax",@progbits
  42               	.global	sr165_read
  44               	sr165_read:
  45               	.LFB5:
  46               	.LSM7:
  47               	/* prologue: function */
  48               	/* frame size = 0 */
  49               	.LBB12:
  50               	.LBB13:
  51               	.LSM8:
  52 0000 9698      		cbi 50-32,6
  53               	.LSM9:
  54               	/* #APP */
  55               	 ;  15 "sr165.c" 1
  56 0002 0000      		nop
  57               	 ;  0 "" 2
  58               	 ;  15 "sr165.c" 1
  59 0004 0000      		nop
  60               	 ;  0 "" 2
  61               	 ;  15 "sr165.c" 1
  62 0006 0000      		nop
  63               	 ;  0 "" 2
  64               	.LSM10:
  65               	/* #NOAPP */
  66 0008 969A      		sbi 50-32,6
  67               	.LSM11:
  68               	/* #APP */
  69               	 ;  17 "sr165.c" 1
  70 000a 0000      		nop
  71               	 ;  0 "" 2
  72               	 ;  17 "sr165.c" 1
  73 000c 0000      		nop
  74               	 ;  0 "" 2
  75               	 ;  17 "sr165.c" 1
  76 000e 0000      		nop
  77               	 ;  0 "" 2
  78               	/* #NOAPP */
  79 0010 20E0      		ldi r18,lo8(0)
  80               	.LVL0:
  81 0012 30E0      		ldi r19,lo8(0)
  82               	.LVL1:
  83               	.L4:
  84               	.LBE13:
  85               	.LBE12:
  86               	.LSM12:
  87 0014 80B3      		in r24,48-32
  88 0016 220F      		lsl r18
  89 0018 90E0      		ldi r25,lo8(0)
  90 001a 45E0      		ldi r20,5
  91 001c 9695      	1:	lsr r25
  92 001e 8795      		ror r24
  93 0020 4A95      		dec r20
  94 0022 01F4      		brne 1b
  95 0024 8170      		andi r24,lo8(1)
  96 0026 282B      		or r18,r24
  97               	.LBB14:
  98               	.LBB15:
  99               	.LSM13:
 100 0028 9798      		cbi 50-32,7
 101               	.LSM14:
 102               	/* #APP */
 103               	 ;  8 "sr165.c" 1
 104 002a 0000      		nop
 105               	 ;  0 "" 2
 106               	 ;  8 "sr165.c" 1
 107 002c 0000      		nop
 108               	 ;  0 "" 2
 109               	 ;  8 "sr165.c" 1
 110 002e 0000      		nop
 111               	 ;  0 "" 2
 112               	.LSM15:
 113               	/* #NOAPP */
 114 0030 979A      		sbi 50-32,7
 115               	.LSM16:
 116               	/* #APP */
 117               	 ;  10 "sr165.c" 1
 118 0032 0000      		nop
 119               	 ;  0 "" 2
 120               	 ;  10 "sr165.c" 1
 121 0034 0000      		nop
 122               	 ;  0 "" 2
 123               	 ;  10 "sr165.c" 1
 124 0036 0000      		nop
 125               	 ;  0 "" 2
 126               	/* #NOAPP */
 127               	.LBE15:
 128               	.LBE14:
 129               	.LSM17:
 130 0038 3F5F      		subi r19,lo8(-(1))
 131 003a 3830      		cpi r19,lo8(8)
 132 003c 01F4      		brne .L4
 133               	.LSM18:
 134 003e 822F      		mov r24,r18
 135               	/* epilogue start */
 136 0040 0895      		ret
 137               	.LFE5:
 139               		.section	.text.sr165_read_norst,"ax",@progbits
 140               	.global	sr165_read_norst
 142               	sr165_read_norst:
 143               	.LFB6:
 144               	.LSM19:
 145               	/* prologue: function */
 146               	/* frame size = 0 */
 147               	.LSM20:
 148 0000 20E0      		ldi r18,lo8(0)
 149               	.LVL2:
 150 0002 30E0      		ldi r19,lo8(0)
 151               	.LVL3:
 152               	.L8:
 153               	.LSM21:
 154 0004 80B3      		in r24,48-32
 155 0006 220F      		lsl r18
 156 0008 90E0      		ldi r25,lo8(0)
 157 000a 55E0      		ldi r21,5
 158 000c 9695      	1:	lsr r25
 159 000e 8795      		ror r24
 160 0010 5A95      		dec r21
 161 0012 01F4      		brne 1b
 162 0014 8170      		andi r24,lo8(1)
 163 0016 282B      		or r18,r24
 164               	.LBB16:
 165               	.LBB17:
 166               	.LSM22:
 167 0018 9798      		cbi 50-32,7
 168               	.LSM23:
 169               	/* #APP */
 170               	 ;  8 "sr165.c" 1
 171 001a 0000      		nop
 172               	 ;  0 "" 2
 173               	 ;  8 "sr165.c" 1
 174 001c 0000      		nop
 175               	 ;  0 "" 2
 176               	 ;  8 "sr165.c" 1
 177 001e 0000      		nop
 178               	 ;  0 "" 2
 179               	.LSM24:
 180               	/* #NOAPP */
 181 0020 979A      		sbi 50-32,7
 182               	.LSM25:
 183               	/* #APP */
 184               	 ;  10 "sr165.c" 1
 185 0022 0000      		nop
 186               	 ;  0 "" 2
 187               	 ;  10 "sr165.c" 1
 188 0024 0000      		nop
 189               	 ;  0 "" 2
 190               	 ;  10 "sr165.c" 1
 191 0026 0000      		nop
 192               	 ;  0 "" 2
 193               	/* #NOAPP */
 194               	.LBE17:
 195               	.LBE16:
 196               	.LSM26:
 197 0028 3F5F      		subi r19,lo8(-(1))
 198 002a 3830      		cpi r19,lo8(8)
 199 002c 01F4      		brne .L8
 200               	.LSM27:
 201 002e 822F      		mov r24,r18
 202               	/* epilogue start */
 203 0030 0895      		ret
 204               	.LFE6:
 206               		.section	.text.sr165_read16,"ax",@progbits
 207               	.global	sr165_read16
 209               	sr165_read16:
 210               	.LFB7:
 211               	.LSM28:
 212               	/* prologue: function */
 213               	/* frame size = 0 */
 214               	.LBB18:
 215               	.LBB19:
 216               	.LSM29:
 217 0000 9698      		cbi 50-32,6
 218               	.LSM30:
 219               	/* #APP */
 220               	 ;  15 "sr165.c" 1
 221 0002 0000      		nop
 222               	 ;  0 "" 2
 223               	 ;  15 "sr165.c" 1
 224 0004 0000      		nop
 225               	 ;  0 "" 2
 226               	 ;  15 "sr165.c" 1
 227 0006 0000      		nop
 228               	 ;  0 "" 2
 229               	.LSM31:
 230               	/* #NOAPP */
 231 0008 969A      		sbi 50-32,6
 232               	.LSM32:
 233               	/* #APP */
 234               	 ;  17 "sr165.c" 1
 235 000a 0000      		nop
 236               	 ;  0 "" 2
 237               	 ;  17 "sr165.c" 1
 238 000c 0000      		nop
 239               	 ;  0 "" 2
 240               	 ;  17 "sr165.c" 1
 241 000e 0000      		nop
 242               	 ;  0 "" 2
 243               	/* #NOAPP */
 244 0010 20E0      		ldi r18,lo8(0)
 245 0012 30E0      		ldi r19,hi8(0)
 246               	.LVL4:
 247 0014 40E0      		ldi r20,lo8(0)
 248               	.LVL5:
 249               	.L12:
 250               	.LBE19:
 251               	.LBE18:
 252               	.LSM33:
 253 0016 220F      		lsl r18
 254 0018 331F      		rol r19
 255               	.LSM34:
 256 001a 80B3      		in r24,48-32
 257 001c 90E0      		ldi r25,lo8(0)
 258 001e 65E0      		ldi r22,5
 259 0020 9695      	1:	lsr r25
 260 0022 8795      		ror r24
 261 0024 6A95      		dec r22
 262 0026 01F4      		brne 1b
 263 0028 8170      		andi r24,lo8(1)
 264 002a 9070      		andi r25,hi8(1)
 265 002c 282B      		or r18,r24
 266 002e 392B      		or r19,r25
 267               	.LBB20:
 268               	.LBB21:
 269               	.LSM35:
 270 0030 9798      		cbi 50-32,7
 271               	.LSM36:
 272               	/* #APP */
 273               	 ;  8 "sr165.c" 1
 274 0032 0000      		nop
 275               	 ;  0 "" 2
 276               	 ;  8 "sr165.c" 1
 277 0034 0000      		nop
 278               	 ;  0 "" 2
 279               	 ;  8 "sr165.c" 1
 280 0036 0000      		nop
 281               	 ;  0 "" 2
 282               	.LSM37:
 283               	/* #NOAPP */
 284 0038 979A      		sbi 50-32,7
 285               	.LSM38:
 286               	/* #APP */
 287               	 ;  10 "sr165.c" 1
 288 003a 0000      		nop
 289               	 ;  0 "" 2
 290               	 ;  10 "sr165.c" 1
 291 003c 0000      		nop
 292               	 ;  0 "" 2
 293               	 ;  10 "sr165.c" 1
 294 003e 0000      		nop
 295               	 ;  0 "" 2
 296               	/* #NOAPP */
 297               	.LBE21:
 298               	.LBE20:
 299               	.LSM39:
 300 0040 4F5F      		subi r20,lo8(-(1))
 301 0042 4031      		cpi r20,lo8(16)
 302 0044 01F4      		brne .L12
 303               	.LSM40:
 304 0046 C901      		movw r24,r18
 305               	.LVL6:
 306               	/* epilogue start */
 307 0048 0895      		ret
 308               	.LFE7:
 358               	.Letext0:
DEFINED SYMBOLS
                            *ABS*:00000000 sr165.c
/var/folders/vf/vfXC2vJGFH4krx0h-0GlD++++TI/-Tmp-//ccE38iyj.s:2      *ABS*:0000003f __SREG__
/var/folders/vf/vfXC2vJGFH4krx0h-0GlD++++TI/-Tmp-//ccE38iyj.s:3      *ABS*:0000003e __SP_H__
/var/folders/vf/vfXC2vJGFH4krx0h-0GlD++++TI/-Tmp-//ccE38iyj.s:4      *ABS*:0000003d __SP_L__
/var/folders/vf/vfXC2vJGFH4krx0h-0GlD++++TI/-Tmp-//ccE38iyj.s:5      *ABS*:00000034 __CCP__
/var/folders/vf/vfXC2vJGFH4krx0h-0GlD++++TI/-Tmp-//ccE38iyj.s:6      *ABS*:00000000 __tmp_reg__
/var/folders/vf/vfXC2vJGFH4krx0h-0GlD++++TI/-Tmp-//ccE38iyj.s:7      *ABS*:00000001 __zero_reg__
/var/folders/vf/vfXC2vJGFH4krx0h-0GlD++++TI/-Tmp-//ccE38iyj.s:19     .text.sr165_init:00000000 sr165_init
/var/folders/vf/vfXC2vJGFH4krx0h-0GlD++++TI/-Tmp-//ccE38iyj.s:44     .text.sr165_read:00000000 sr165_read
/var/folders/vf/vfXC2vJGFH4krx0h-0GlD++++TI/-Tmp-//ccE38iyj.s:142    .text.sr165_read_norst:00000000 sr165_read_norst
/var/folders/vf/vfXC2vJGFH4krx0h-0GlD++++TI/-Tmp-//ccE38iyj.s:209    .text.sr165_read16:00000000 sr165_read16

NO UNDEFINED SYMBOLS
